<?xml version="1.0" encoding="UTF-8"?>
<!-- Generated by org.testng.reporters.JUnitReportReporter -->
<testsuite skipped="0" hostname="shythyagu-PC" name="acti.Login" tests="1" failures="0" timestamp="21 Aug 2018 07:23:34 GMT" time="13.662" errors="0">
  <testcase name="loginMethod" time="13.662" classname="acti.Login"/>
</testsuite> <!-- acti.Login -->
